# JRE version: OpenJDK Runtime Environment (8.0_181-b13) (build 1.8.0_181-8u181-b13-0ubuntu0.18.04.1-b13)
# Java VM: OpenJDK 64-Bit Server VM (25.181-b13 mixed mode linux-amd64 compressed oops)
Heap:
 PSYoungGen      total 226304K, used 0K [0x00000000eb500000, 0x0000000100000000, 0x0000000100000000)
  eden space 113664K, 0% used [0x00000000eb500000,0x00000000eb500000,0x00000000f2400000)
  from space 112640K, 0% used [0x00000000f2400000,0x00000000f2400000,0x00000000f9200000)
  to   space 112640K, 0% used [0x00000000f9200000,0x00000000f9200000,0x0000000100000000)
 ParOldGen       total 398848K, used 292050K [0x00000000c1e00000, 0x00000000da380000, 0x00000000eb500000)
  object space 398848K, 73% used [0x00000000c1e00000,0x00000000d3b34bc0,0x00000000da380000)
 Metaspace       used 4610K, capacity 5408K, committed 5504K, reserved 1056768K
  class space    used 525K, capacity 566K, committed 640K, reserved 1048576K
GC Heap History (10 events):
Event: 5,204 GC heap after
Heap after GC invocations=12 (full 4):
 PSYoungGen      total 202240K, used 64096K [0x00000000eb500000, 0x00000000fe980000, 0x0000000100000000)
  eden space 90624K, 0% used [0x00000000eb500000,0x00000000eb500000,0x00000000f0d80000)
  from space 111616K, 57% used [0x00000000f7c80000,0x00000000fbb18000,0x00000000fe980000)
  to   space 112640K, 0% used [0x00000000f0d80000,0x00000000f0d80000,0x00000000f7b80000)
 ParOldGen       total 231936K, used 102104K [0x00000000c1e00000, 0x00000000d0080000, 0x00000000eb500000)
  object space 231936K, 44% used [0x00000000c1e00000,0x00000000c81b6120,0x00000000d0080000)
 Metaspace       used 4610K, capacity 5408K, committed 5504K, reserved 1056768K
  class space    used 525K, capacity 566K, committed 640K, reserved 1048576K
}
Event: 5,316 GC heap before
{Heap before GC invocations=13 (full 4):
 PSYoungGen      total 202240K, used 154720K [0x00000000eb500000, 0x00000000fe980000, 0x0000000100000000)
  eden space 90624K, 100% used [0x00000000eb500000,0x00000000f0d80000,0x00000000f0d80000)
  from space 111616K, 57% used [0x00000000f7c80000,0x00000000fbb18000,0x00000000fe980000)
  to   space 112640K, 0% used [0x00000000f0d80000,0x00000000f0d80000,0x00000000f7b80000)
 ParOldGen       total 231936K, used 102104K [0x00000000c1e00000, 0x00000000d0080000, 0x00000000eb500000)
  object space 231936K, 44% used [0x00000000c1e00000,0x00000000c81b6120,0x00000000d0080000)
 Metaspace       used 4610K, capacity 5408K, committed 5504K, reserved 1056768K
  class space    used 525K, capacity 566K, committed 640K, reserved 1048576K
Event: 5,722 GC heap after
Heap after GC invocations=13 (full 4):
 PSYoungGen      total 203264K, used 112608K [0x00000000eb500000, 0x0000000100000000, 0x0000000100000000)
  eden space 90624K, 0% used [0x00000000eb500000,0x00000000eb500000,0x00000000f0d80000)
  from space 112640K, 99% used [0x00000000f0d80000,0x00000000f7b78010,0x00000000f7b80000)
  to   space 112640K, 0% used [0x00000000f9200000,0x00000000f9200000,0x0000000100000000)
 ParOldGen       total 231936K, used 144352K [0x00000000c1e00000, 0x00000000d0080000, 0x00000000eb500000)
  object space 231936K, 62% used [0x00000000c1e00000,0x00000000caaf8120,0x00000000d0080000)
 Metaspace       used 4610K, capacity 5408K, committed 5504K, reserved 1056768K
  class space    used 525K, capacity 566K, committed 640K, reserved 1048576K
}
Event: 5,943 GC heap before
{Heap before GC invocations=14 (full 4):
 PSYoungGen      total 203264K, used 203232K [0x00000000eb500000, 0x0000000100000000, 0x0000000100000000)
  eden space 90624K, 100% used [0x00000000eb500000,0x00000000f0d80000,0x00000000f0d80000)
  from space 112640K, 99% used [0x00000000f0d80000,0x00000000f7b78010,0x00000000f7b80000)
  to   space 112640K, 0% used [0x00000000f9200000,0x00000000f9200000,0x0000000100000000)
 ParOldGen       total 231936K, used 144352K [0x00000000c1e00000, 0x00000000d0080000, 0x00000000eb500000)
  object space 231936K, 62% used [0x00000000c1e00000,0x00000000caaf8120,0x00000000d0080000)
 Metaspace       used 4610K, capacity 5408K, committed 5504K, reserved 1056768K
  class space    used 525K, capacity 566K, committed 640K, reserved 1048576K
Event: 7,846 GC heap after
Heap after GC invocations=14 (full 4):
 PSYoungGen      total 226304K, used 112608K [0x00000000eb500000, 0x0000000100000000, 0x0000000100000000)
  eden space 113664K, 0% used [0x00000000eb500000,0x00000000eb500000,0x00000000f2400000)
  from space 112640K, 99% used [0x00000000f9200000,0x00000000ffff8010,0x0000000100000000)
  to   space 112640K, 0% used [0x00000000f2400000,0x00000000f2400000,0x00000000f9200000)
 ParOldGen       total 235520K, used 235344K [0x00000000c1e00000, 0x00000000d0400000, 0x00000000eb500000)
  object space 235520K, 99% used [0x00000000c1e00000,0x00000000d03d4120,0x00000000d0400000)
 Metaspace       used 4610K, capacity 5408K, committed 5504K, reserved 1056768K
  class space    used 525K, capacity 566K, committed 640K, reserved 1048576K
}
Event: 7,846 GC heap before
{Heap before GC invocations=15 (full 5):
 PSYoungGen      total 226304K, used 112608K [0x00000000eb500000, 0x0000000100000000, 0x0000000100000000)
  eden space 113664K, 0% used [0x00000000eb500000,0x00000000eb500000,0x00000000f2400000)
  from space 112640K, 99% used [0x00000000f9200000,0x00000000ffff8010,0x0000000100000000)
  to   space 112640K, 0% used [0x00000000f2400000,0x00000000f2400000,0x00000000f9200000)
 ParOldGen       total 235520K, used 235344K [0x00000000c1e00000, 0x00000000d0400000, 0x00000000eb500000)
  object space 235520K, 99% used [0x00000000c1e00000,0x00000000d03d4120,0x00000000d0400000)
 Metaspace       used 4610K, capacity 5408K, committed 5504K, reserved 1056768K
  class space    used 525K, capacity 566K, committed 640K, reserved 1048576K
Event: 11,466 GC heap after
Heap after GC invocations=15 (full 5):
 PSYoungGen      total 226304K, used 112548K [0x00000000eb500000, 0x0000000100000000, 0x0000000100000000)
  eden space 113664K, 0% used [0x00000000eb500000,0x00000000eb500000,0x00000000f2400000)
  from space 112640K, 99% used [0x00000000f9200000,0x00000000fffe9028,0x0000000100000000)
  to   space 112640K, 0% used [0x00000000f2400000,0x00000000f2400000,0x00000000f9200000)
 ParOldGen       total 398848K, used 234800K [0x00000000c1e00000, 0x00000000da380000, 0x00000000eb500000)
  object space 398848K, 58% used [0x00000000c1e00000,0x00000000d034c3c0,0x00000000da380000)
 Metaspace       used 4610K, capacity 5408K, committed 5504K, reserved 1056768K
  class space    used 525K, capacity 566K, committed 640K, reserved 1048576K
}
Event: 11,549 GC heap before
{Heap before GC invocations=16 (full 5):
 PSYoungGen      total 226304K, used 226212K [0x00000000eb500000, 0x0000000100000000, 0x0000000100000000)
  eden space 113664K, 100% used [0x00000000eb500000,0x00000000f2400000,0x00000000f2400000)
  from space 112640K, 99% used [0x00000000f9200000,0x00000000fffe9028,0x0000000100000000)
  to   space 112640K, 0% used [0x00000000f2400000,0x00000000f2400000,0x00000000f9200000)
 ParOldGen       total 398848K, used 234800K [0x00000000c1e00000, 0x00000000da380000, 0x00000000eb500000)
  object space 398848K, 58% used [0x00000000c1e00000,0x00000000d034c3c0,0x00000000da380000)
 Metaspace       used 4610K, capacity 5408K, committed 5504K, reserved 1056768K
  class space    used 525K, capacity 566K, committed 640K, reserved 1048576K
Event: 12,130 GC heap after
Heap after GC invocations=16 (full 5):
 PSYoungGen      total 226304K, used 112640K [0x00000000eb500000, 0x0000000100000000, 0x0000000100000000)
  eden space 113664K, 0% used [0x00000000eb500000,0x00000000eb500000,0x00000000f2400000)
  from space 112640K, 100% used [0x00000000f2400000,0x00000000f9200000,0x00000000f9200000)
  to   space 112640K, 0% used [0x00000000f9200000,0x00000000f9200000,0x0000000100000000)
 ParOldGen       total 398848K, used 348768K [0x00000000c1e00000, 0x00000000da380000, 0x00000000eb500000)
  object space 398848K, 87% used [0x00000000c1e00000,0x00000000d72983d0,0x00000000da380000)
 Metaspace       used 4610K, capacity 5408K, committed 5504K, reserved 1056768K
  class space    used 525K, capacity 566K, committed 640K, reserved 1048576K
}
Event: 12,137 GC heap before
{Heap before GC invocations=17 (full 6):
 PSYoungGen      total 226304K, used 112640K [0x00000000eb500000, 0x0000000100000000, 0x0000000100000000)
  eden space 113664K, 0% used [0x00000000eb500000,0x00000000eb500000,0x00000000f2400000)
  from space 112640K, 100% used [0x00000000f2400000,0x00000000f9200000,0x00000000f9200000)
  to   space 112640K, 0% used [0x00000000f9200000,0x00000000f9200000,0x0000000100000000)
 ParOldGen       total 398848K, used 348768K [0x00000000c1e00000, 0x00000000da380000, 0x00000000eb500000)
  object space 398848K, 87% used [0x00000000c1e00000,0x00000000d72983d0,0x00000000da380000)
 Metaspace       used 4610K, capacity 5408K, committed 5504K, reserved 1056768K
  class space    used 525K, capacity 566K, committed 640K, reserved 1048576K

