# JRE version: OpenJDK Runtime Environment (8.0_181-b13) (build 1.8.0_181-8u181-b13-0ubuntu0.18.04.1-b13)
# Java VM: OpenJDK 64-Bit Server VM (25.181-b13 mixed mode linux-amd64 compressed oops)
Heap:
 PSYoungGen      total 310272K, used 15638K [0x00000000eb500000, 0x0000000100000000, 0x0000000100000000)
  eden space 281600K, 0% used [0x00000000eb500000,0x00000000eb500000,0x00000000fc800000)
  from space 28672K, 54% used [0x00000000fc800000,0x00000000fd745b78,0x00000000fe400000)
  to   space 28672K, 0% used [0x00000000fe400000,0x00000000fe400000,0x0000000100000000)
 ParOldGen       total 130560K, used 130364K [0x00000000c1e00000, 0x00000000c9d80000, 0x00000000eb500000)
  object space 130560K, 99% used [0x00000000c1e00000,0x00000000c9d4f288,0x00000000c9d80000)
 Metaspace       used 3556K, capacity 4664K, committed 4864K, reserved 1056768K
  class space    used 381K, capacity 424K, committed 512K, reserved 1048576K
GC Heap History (10 events):
Event: 13,072 GC heap after
Heap after GC invocations=13 (full 1):
 PSYoungGen      total 314880K, used 15776K [0x00000000eb500000, 0x0000000100000000, 0x0000000100000000)
  eden space 292864K, 0% used [0x00000000eb500000,0x00000000eb500000,0x00000000fd300000)
  from space 22016K, 71% used [0x00000000fea80000,0x00000000ff9e8000,0x0000000100000000)
  to   space 23040K, 0% used [0x00000000fd300000,0x00000000fd300000,0x00000000fe980000)
 ParOldGen       total 83968K, used 67893K [0x00000000c1e00000, 0x00000000c7000000, 0x00000000eb500000)
  object space 83968K, 80% used [0x00000000c1e00000,0x00000000c604d490,0x00000000c7000000)
 Metaspace       used 3551K, capacity 4664K, committed 4864K, reserved 1056768K
  class space    used 381K, capacity 424K, committed 512K, reserved 1048576K
}
Event: 13,702 GC heap before
{Heap before GC invocations=14 (full 1):
 PSYoungGen      total 314880K, used 308640K [0x00000000eb500000, 0x0000000100000000, 0x0000000100000000)
  eden space 292864K, 100% used [0x00000000eb500000,0x00000000fd300000,0x00000000fd300000)
  from space 22016K, 71% used [0x00000000fea80000,0x00000000ff9e8000,0x0000000100000000)
  to   space 23040K, 0% used [0x00000000fd300000,0x00000000fd300000,0x00000000fe980000)
 ParOldGen       total 83968K, used 67893K [0x00000000c1e00000, 0x00000000c7000000, 0x00000000eb500000)
  object space 83968K, 80% used [0x00000000c1e00000,0x00000000c604d490,0x00000000c7000000)
 Metaspace       used 3556K, capacity 4664K, committed 4864K, reserved 1056768K
  class space    used 381K, capacity 424K, committed 512K, reserved 1048576K
Event: 13,790 GC heap after
Heap after GC invocations=14 (full 1):
 PSYoungGen      total 315392K, used 22464K [0x00000000eb500000, 0x0000000100000000, 0x0000000100000000)
  eden space 292864K, 0% used [0x00000000eb500000,0x00000000eb500000,0x00000000fd300000)
  from space 22528K, 99% used [0x00000000fd300000,0x00000000fe8f0000,0x00000000fe900000)
  to   space 23552K, 0% used [0x00000000fe900000,0x00000000fe900000,0x0000000100000000)
 ParOldGen       total 83968K, used 83893K [0x00000000c1e00000, 0x00000000c7000000, 0x00000000eb500000)
  object space 83968K, 99% used [0x00000000c1e00000,0x00000000c6fed490,0x00000000c7000000)
 Metaspace       used 3556K, capacity 4664K, committed 4864K, reserved 1056768K
  class space    used 381K, capacity 424K, committed 512K, reserved 1048576K
}
Event: 13,790 GC heap before
{Heap before GC invocations=15 (full 2):
 PSYoungGen      total 315392K, used 22464K [0x00000000eb500000, 0x0000000100000000, 0x0000000100000000)
  eden space 292864K, 0% used [0x00000000eb500000,0x00000000eb500000,0x00000000fd300000)
  from space 22528K, 99% used [0x00000000fd300000,0x00000000fe8f0000,0x00000000fe900000)
  to   space 23552K, 0% used [0x00000000fe900000,0x00000000fe900000,0x0000000100000000)
 ParOldGen       total 83968K, used 83893K [0x00000000c1e00000, 0x00000000c7000000, 0x00000000eb500000)
  object space 83968K, 99% used [0x00000000c1e00000,0x00000000c6fed490,0x00000000c7000000)
 Metaspace       used 3556K, capacity 4664K, committed 4864K, reserved 1056768K
  class space    used 381K, capacity 424K, committed 512K, reserved 1048576K
Event: 14,292 GC heap after
Heap after GC invocations=15 (full 2):
 PSYoungGen      total 315392K, used 21064K [0x00000000eb500000, 0x0000000100000000, 0x0000000100000000)
  eden space 292864K, 0% used [0x00000000eb500000,0x00000000eb500000,0x00000000fd300000)
  from space 22528K, 93% used [0x00000000fd300000,0x00000000fe7920e8,0x00000000fe900000)
  to   space 23552K, 0% used [0x00000000fe900000,0x00000000fe900000,0x0000000100000000)
 ParOldGen       total 130560K, used 83629K [0x00000000c1e00000, 0x00000000c9d80000, 0x00000000eb500000)
  object space 130560K, 64% used [0x00000000c1e00000,0x00000000c6fab538,0x00000000c9d80000)
 Metaspace       used 3556K, capacity 4664K, committed 4864K, reserved 1056768K
  class space    used 381K, capacity 424K, committed 512K, reserved 1048576K
}
Event: 14,901 GC heap before
{Heap before GC invocations=16 (full 2):
 PSYoungGen      total 315392K, used 313928K [0x00000000eb500000, 0x0000000100000000, 0x0000000100000000)
  eden space 292864K, 100% used [0x00000000eb500000,0x00000000fd300000,0x00000000fd300000)
  from space 22528K, 93% used [0x00000000fd300000,0x00000000fe7920e8,0x00000000fe900000)
  to   space 23552K, 0% used [0x00000000fe900000,0x00000000fe900000,0x0000000100000000)
 ParOldGen       total 130560K, used 83629K [0x00000000c1e00000, 0x00000000c9d80000, 0x00000000eb500000)
  object space 130560K, 64% used [0x00000000c1e00000,0x00000000c6fab538,0x00000000c9d80000)
 Metaspace       used 3556K, capacity 4664K, committed 4864K, reserved 1056768K
  class space    used 381K, capacity 424K, committed 512K, reserved 1048576K
Event: 14,991 GC heap after
Heap after GC invocations=16 (full 2):
 PSYoungGen      total 305152K, used 22112K [0x00000000eb500000, 0x0000000100000000, 0x0000000100000000)
  eden space 281600K, 0% used [0x00000000eb500000,0x00000000eb500000,0x00000000fc800000)
  from space 23552K, 93% used [0x00000000fe900000,0x00000000ffe98000,0x0000000100000000)
  to   space 28672K, 0% used [0x00000000fc800000,0x00000000fc800000,0x00000000fe400000)
 ParOldGen       total 130560K, used 105461K [0x00000000c1e00000, 0x00000000c9d80000, 0x00000000eb500000)
  object space 130560K, 80% used [0x00000000c1e00000,0x00000000c84fd538,0x00000000c9d80000)
 Metaspace       used 3556K, capacity 4664K, committed 4864K, reserved 1056768K
  class space    used 381K, capacity 424K, committed 512K, reserved 1048576K
}
Event: 15,536 GC heap before
{Heap before GC invocations=17 (full 2):
 PSYoungGen      total 305152K, used 303712K [0x00000000eb500000, 0x0000000100000000, 0x0000000100000000)
  eden space 281600K, 100% used [0x00000000eb500000,0x00000000fc800000,0x00000000fc800000)
  from space 23552K, 93% used [0x00000000fe900000,0x00000000ffe98000,0x0000000100000000)
  to   space 28672K, 0% used [0x00000000fc800000,0x00000000fc800000,0x00000000fe400000)
 ParOldGen       total 130560K, used 105461K [0x00000000c1e00000, 0x00000000c9d80000, 0x00000000eb500000)
  object space 130560K, 80% used [0x00000000c1e00000,0x00000000c84fd538,0x00000000c9d80000)
 Metaspace       used 3556K, capacity 4664K, committed 4864K, reserved 1056768K
  class space    used 381K, capacity 424K, committed 512K, reserved 1048576K
Event: 15,591 GC heap after
Heap after GC invocations=17 (full 2):
 PSYoungGen      total 310272K, used 28672K [0x00000000eb500000, 0x0000000100000000, 0x0000000100000000)
  eden space 281600K, 0% used [0x00000000eb500000,0x00000000eb500000,0x00000000fc800000)
  from space 28672K, 100% used [0x00000000fc800000,0x00000000fe400000,0x00000000fe400000)
  to   space 28672K, 0% used [0x00000000fe400000,0x00000000fe400000,0x0000000100000000)
 ParOldGen       total 130560K, used 119005K [0x00000000c1e00000, 0x00000000c9d80000, 0x00000000eb500000)
  object space 130560K, 91% used [0x00000000c1e00000,0x00000000c9237538,0x00000000c9d80000)
 Metaspace       used 3556K, capacity 4664K, committed 4864K, reserved 1056768K
  class space    used 381K, capacity 424K, committed 512K, reserved 1048576K
}
Event: 15,591 GC heap before
{Heap before GC invocations=18 (full 3):
 PSYoungGen      total 310272K, used 28672K [0x00000000eb500000, 0x0000000100000000, 0x0000000100000000)
  eden space 281600K, 0% used [0x00000000eb500000,0x00000000eb500000,0x00000000fc800000)
  from space 28672K, 100% used [0x00000000fc800000,0x00000000fe400000,0x00000000fe400000)
  to   space 28672K, 0% used [0x00000000fe400000,0x00000000fe400000,0x0000000100000000)
 ParOldGen       total 130560K, used 119005K [0x00000000c1e00000, 0x00000000c9d80000, 0x00000000eb500000)
  object space 130560K, 91% used [0x00000000c1e00000,0x00000000c9237538,0x00000000c9d80000)
 Metaspace       used 3556K, capacity 4664K, committed 4864K, reserved 1056768K
  class space    used 381K, capacity 424K, committed 512K, reserved 1048576K

